04-05-2022 19:23:06 INFO org.hibernate.validator.internal.util.Version [background-preinit] HV000001: Hibernate Validator 6.2.3.Final
04-05-2022 19:23:06 INFO org.springframework.boot.StartupInfoLogger [restartedMain] Starting VeterinaryClinicApplication using Java 1.8.0_322 on DESKTOP-OSS2DGJ with PID 18620 (C:\Users\ivanf\IdeaProjects\TMS_HOMEWORK\spring-veterinary-clinic\target\classes started by ivanf in C:\Users\ivanf\IdeaProjects\TMS_HOMEWORK\spring-veterinary-clinic)
04-05-2022 19:23:06 INFO org.springframework.boot.SpringApplication [restartedMain] No active profile set, falling back to 1 default profile: "default"
04-05-2022 19:23:06 INFO org.springframework.boot.logging.DeferredLog [restartedMain] Devtools property defaults active! Set 'spring.devtools.add-properties' to 'false' to disable
04-05-2022 19:23:06 INFO org.springframework.boot.logging.DeferredLog [restartedMain] For additional web related logging consider setting the 'logging.level.web' property to 'DEBUG'
04-05-2022 19:23:07 INFO org.springframework.data.repository.config.RepositoryConfigurationDelegate [restartedMain] Bootstrapping Spring Data JPA repositories in DEFAULT mode.
04-05-2022 19:23:07 INFO org.springframework.data.repository.config.RepositoryConfigurationDelegate [restartedMain] Finished Spring Data repository scanning in 47 ms. Found 6 JPA repository interfaces.
04-05-2022 19:23:07 INFO org.springframework.boot.web.embedded.tomcat.TomcatWebServer [restartedMain] Tomcat initialized with port(s): 8080 (http)
04-05-2022 19:23:07 INFO org.apache.juli.logging.DirectJDKLog [restartedMain] Initializing ProtocolHandler ["http-nio-8080"]
04-05-2022 19:23:07 INFO org.apache.juli.logging.DirectJDKLog [restartedMain] Starting service [Tomcat]
04-05-2022 19:23:07 INFO org.apache.juli.logging.DirectJDKLog [restartedMain] Starting Servlet engine: [Apache Tomcat/9.0.62]
04-05-2022 19:23:07 INFO org.apache.juli.logging.DirectJDKLog [restartedMain] Initializing Spring embedded WebApplicationContext
04-05-2022 19:23:07 INFO org.springframework.boot.web.servlet.context.ServletWebServerApplicationContext [restartedMain] Root WebApplicationContext: initialization completed in 1078 ms
04-05-2022 19:23:08 INFO org.hibernate.jpa.internal.util.LogHelper [restartedMain] HHH000204: Processing PersistenceUnitInfo [name: default]
04-05-2022 19:23:08 INFO org.hibernate.Version [restartedMain] HHH000412: Hibernate ORM core version 5.6.8.Final
04-05-2022 19:23:08 INFO org.hibernate.annotations.common.reflection.java.JavaReflectionManager [restartedMain] HCANN000001: Hibernate Commons Annotations {5.1.2.Final}
04-05-2022 19:23:08 INFO com.zaxxer.hikari.HikariDataSource [restartedMain] HikariPool-1 - Starting...
04-05-2022 19:23:08 INFO com.zaxxer.hikari.HikariDataSource [restartedMain] HikariPool-1 - Start completed.
04-05-2022 19:23:08 INFO org.hibernate.dialect.Dialect [restartedMain] HHH000400: Using dialect: org.hibernate.dialect.PostgreSQL10Dialect
04-05-2022 19:23:08 INFO org.hibernate.engine.transaction.jta.platform.internal.JtaPlatformInitiator [restartedMain] HHH000490: Using JtaPlatform implementation: [org.hibernate.engine.transaction.jta.platform.internal.NoJtaPlatform]
04-05-2022 19:23:08 INFO org.springframework.orm.jpa.AbstractEntityManagerFactoryBean [restartedMain] Initialized JPA EntityManagerFactory for persistence unit 'default'
04-05-2022 19:23:09 INFO org.springframework.boot.autoconfigure.web.servlet.WelcomePageHandlerMapping [restartedMain] Adding welcome page template: index
04-05-2022 19:23:09 INFO org.springframework.boot.devtools.autoconfigure.OptionalLiveReloadServer [restartedMain] LiveReload server is running on port 35729
04-05-2022 19:23:09 INFO org.apache.juli.logging.DirectJDKLog [restartedMain] Starting ProtocolHandler ["http-nio-8080"]
04-05-2022 19:23:09 INFO org.springframework.boot.web.embedded.tomcat.TomcatWebServer [restartedMain] Tomcat started on port(s): 8080 (http) with context path ''
04-05-2022 19:23:09 INFO org.springframework.boot.StartupInfoLogger [restartedMain] Started VeterinaryClinicApplication in 3.145 seconds (JVM running for 4.028)
04-05-2022 19:23:09 INFO org.apache.juli.logging.DirectJDKLog [http-nio-8080-exec-1] Initializing Spring DispatcherServlet 'dispatcherServlet'
04-05-2022 19:23:09 INFO org.springframework.web.servlet.FrameworkServlet [http-nio-8080-exec-1] Initializing Servlet 'dispatcherServlet'
04-05-2022 19:23:09 INFO org.springframework.web.servlet.FrameworkServlet [http-nio-8080-exec-1] Completed initialization in 0 ms
04-05-2022 19:24:31 INFO org.springframework.orm.jpa.AbstractEntityManagerFactoryBean [SpringApplicationShutdownHook] Closing JPA EntityManagerFactory for persistence unit 'default'
04-05-2022 19:24:31 INFO com.zaxxer.hikari.HikariDataSource [SpringApplicationShutdownHook] HikariPool-1 - Shutdown initiated...
04-05-2022 19:24:31 INFO com.zaxxer.hikari.HikariDataSource [SpringApplicationShutdownHook] HikariPool-1 - Shutdown completed.
04-05-2022 19:25:07 INFO org.hibernate.validator.internal.util.Version [background-preinit] HV000001: Hibernate Validator 6.2.3.Final
04-05-2022 19:25:07 INFO org.springframework.boot.StartupInfoLogger [restartedMain] Starting VeterinaryClinicApplication using Java 1.8.0_322 on DESKTOP-OSS2DGJ with PID 15124 (C:\Users\ivanf\IdeaProjects\TMS_HOMEWORK\spring-veterinary-clinic\target\classes started by ivanf in C:\Users\ivanf\IdeaProjects\TMS_HOMEWORK\spring-veterinary-clinic)
04-05-2022 19:25:07 INFO org.springframework.boot.SpringApplication [restartedMain] No active profile set, falling back to 1 default profile: "default"
04-05-2022 19:25:07 INFO org.springframework.boot.logging.DeferredLog [restartedMain] Devtools property defaults active! Set 'spring.devtools.add-properties' to 'false' to disable
04-05-2022 19:25:07 INFO org.springframework.boot.logging.DeferredLog [restartedMain] For additional web related logging consider setting the 'logging.level.web' property to 'DEBUG'
04-05-2022 19:25:08 INFO org.springframework.data.repository.config.RepositoryConfigurationDelegate [restartedMain] Bootstrapping Spring Data JPA repositories in DEFAULT mode.
04-05-2022 19:25:08 INFO org.springframework.data.repository.config.RepositoryConfigurationDelegate [restartedMain] Finished Spring Data repository scanning in 65 ms. Found 6 JPA repository interfaces.
04-05-2022 19:25:08 INFO org.springframework.boot.web.embedded.tomcat.TomcatWebServer [restartedMain] Tomcat initialized with port(s): 8080 (http)
04-05-2022 19:25:08 INFO org.apache.juli.logging.DirectJDKLog [restartedMain] Initializing ProtocolHandler ["http-nio-8080"]
04-05-2022 19:25:08 INFO org.apache.juli.logging.DirectJDKLog [restartedMain] Starting service [Tomcat]
04-05-2022 19:25:08 INFO org.apache.juli.logging.DirectJDKLog [restartedMain] Starting Servlet engine: [Apache Tomcat/9.0.62]
04-05-2022 19:25:08 INFO org.apache.juli.logging.DirectJDKLog [restartedMain] Initializing Spring embedded WebApplicationContext
04-05-2022 19:25:08 INFO org.springframework.boot.web.servlet.context.ServletWebServerApplicationContext [restartedMain] Root WebApplicationContext: initialization completed in 1455 ms
04-05-2022 19:25:08 INFO org.hibernate.jpa.internal.util.LogHelper [restartedMain] HHH000204: Processing PersistenceUnitInfo [name: default]
04-05-2022 19:25:08 INFO org.hibernate.Version [restartedMain] HHH000412: Hibernate ORM core version 5.6.8.Final
04-05-2022 19:25:08 INFO org.hibernate.annotations.common.reflection.java.JavaReflectionManager [restartedMain] HCANN000001: Hibernate Commons Annotations {5.1.2.Final}
04-05-2022 19:25:09 INFO com.zaxxer.hikari.HikariDataSource [restartedMain] HikariPool-1 - Starting...
04-05-2022 19:25:09 INFO com.zaxxer.hikari.HikariDataSource [restartedMain] HikariPool-1 - Start completed.
04-05-2022 19:25:09 INFO org.hibernate.dialect.Dialect [restartedMain] HHH000400: Using dialect: org.hibernate.dialect.PostgreSQL10Dialect
04-05-2022 19:25:09 INFO org.hibernate.engine.transaction.jta.platform.internal.JtaPlatformInitiator [restartedMain] HHH000490: Using JtaPlatform implementation: [org.hibernate.engine.transaction.jta.platform.internal.NoJtaPlatform]
04-05-2022 19:25:09 INFO org.springframework.orm.jpa.AbstractEntityManagerFactoryBean [restartedMain] Initialized JPA EntityManagerFactory for persistence unit 'default'
04-05-2022 19:25:10 INFO org.springframework.boot.autoconfigure.web.servlet.WelcomePageHandlerMapping [restartedMain] Adding welcome page template: index
04-05-2022 19:25:10 INFO org.springframework.boot.devtools.autoconfigure.OptionalLiveReloadServer [restartedMain] LiveReload server is running on port 35729
04-05-2022 19:25:10 INFO org.apache.juli.logging.DirectJDKLog [restartedMain] Starting ProtocolHandler ["http-nio-8080"]
04-05-2022 19:25:10 INFO org.springframework.boot.web.embedded.tomcat.TomcatWebServer [restartedMain] Tomcat started on port(s): 8080 (http) with context path ''
04-05-2022 19:25:10 INFO org.springframework.boot.StartupInfoLogger [restartedMain] Started VeterinaryClinicApplication in 3.759 seconds (JVM running for 4.526)
04-05-2022 19:25:10 WARN by.teachmeskills.spring.veterinary_clinic.script.FastDataScript [restartedMain] STARTED LOADING DATA BY FastDataScript
04-05-2022 19:25:10 WARN by.teachmeskills.spring.veterinary_clinic.script.FastDataScript [restartedMain] DATA WAS LOADED BY FastDataScript
04-05-2022 19:25:15 INFO org.springframework.orm.jpa.AbstractEntityManagerFactoryBean [SpringApplicationShutdownHook] Closing JPA EntityManagerFactory for persistence unit 'default'
04-05-2022 19:25:15 INFO com.zaxxer.hikari.HikariDataSource [SpringApplicationShutdownHook] HikariPool-1 - Shutdown initiated...
04-05-2022 19:25:15 INFO com.zaxxer.hikari.HikariDataSource [SpringApplicationShutdownHook] HikariPool-1 - Shutdown completed.
04-05-2022 19:25:36 INFO org.hibernate.validator.internal.util.Version [background-preinit] HV000001: Hibernate Validator 6.2.3.Final
04-05-2022 19:25:36 INFO org.springframework.boot.StartupInfoLogger [restartedMain] Starting VeterinaryClinicApplication using Java 1.8.0_322 on DESKTOP-OSS2DGJ with PID 18268 (C:\Users\ivanf\IdeaProjects\TMS_HOMEWORK\spring-veterinary-clinic\target\classes started by ivanf in C:\Users\ivanf\IdeaProjects\TMS_HOMEWORK\spring-veterinary-clinic)
04-05-2022 19:25:36 INFO org.springframework.boot.SpringApplication [restartedMain] No active profile set, falling back to 1 default profile: "default"
04-05-2022 19:25:36 INFO org.springframework.boot.logging.DeferredLog [restartedMain] Devtools property defaults active! Set 'spring.devtools.add-properties' to 'false' to disable
04-05-2022 19:25:36 INFO org.springframework.boot.logging.DeferredLog [restartedMain] For additional web related logging consider setting the 'logging.level.web' property to 'DEBUG'
04-05-2022 19:25:37 INFO org.springframework.data.repository.config.RepositoryConfigurationDelegate [restartedMain] Bootstrapping Spring Data JPA repositories in DEFAULT mode.
04-05-2022 19:25:37 INFO org.springframework.data.repository.config.RepositoryConfigurationDelegate [restartedMain] Finished Spring Data repository scanning in 41 ms. Found 6 JPA repository interfaces.
04-05-2022 19:25:37 INFO org.springframework.boot.web.embedded.tomcat.TomcatWebServer [restartedMain] Tomcat initialized with port(s): 8080 (http)
04-05-2022 19:25:37 INFO org.apache.juli.logging.DirectJDKLog [restartedMain] Initializing ProtocolHandler ["http-nio-8080"]
04-05-2022 19:25:37 INFO org.apache.juli.logging.DirectJDKLog [restartedMain] Starting service [Tomcat]
04-05-2022 19:25:37 INFO org.apache.juli.logging.DirectJDKLog [restartedMain] Starting Servlet engine: [Apache Tomcat/9.0.62]
04-05-2022 19:25:37 INFO org.apache.juli.logging.DirectJDKLog [restartedMain] Initializing Spring embedded WebApplicationContext
04-05-2022 19:25:37 INFO org.springframework.boot.web.servlet.context.ServletWebServerApplicationContext [restartedMain] Root WebApplicationContext: initialization completed in 868 ms
04-05-2022 19:25:37 INFO org.hibernate.jpa.internal.util.LogHelper [restartedMain] HHH000204: Processing PersistenceUnitInfo [name: default]
04-05-2022 19:25:37 INFO org.hibernate.Version [restartedMain] HHH000412: Hibernate ORM core version 5.6.8.Final
04-05-2022 19:25:37 INFO org.hibernate.annotations.common.reflection.java.JavaReflectionManager [restartedMain] HCANN000001: Hibernate Commons Annotations {5.1.2.Final}
04-05-2022 19:25:37 INFO com.zaxxer.hikari.HikariDataSource [restartedMain] HikariPool-1 - Starting...
04-05-2022 19:25:37 INFO com.zaxxer.hikari.HikariDataSource [restartedMain] HikariPool-1 - Start completed.
04-05-2022 19:25:38 INFO org.hibernate.dialect.Dialect [restartedMain] HHH000400: Using dialect: org.hibernate.dialect.PostgreSQL10Dialect
04-05-2022 19:25:38 INFO org.hibernate.engine.transaction.jta.platform.internal.JtaPlatformInitiator [restartedMain] HHH000490: Using JtaPlatform implementation: [org.hibernate.engine.transaction.jta.platform.internal.NoJtaPlatform]
04-05-2022 19:25:38 INFO org.springframework.orm.jpa.AbstractEntityManagerFactoryBean [restartedMain] Initialized JPA EntityManagerFactory for persistence unit 'default'
04-05-2022 19:25:38 INFO org.springframework.boot.autoconfigure.web.servlet.WelcomePageHandlerMapping [restartedMain] Adding welcome page template: index
04-05-2022 19:25:39 INFO org.springframework.boot.devtools.autoconfigure.OptionalLiveReloadServer [restartedMain] LiveReload server is running on port 35729
04-05-2022 19:25:39 INFO org.apache.juli.logging.DirectJDKLog [restartedMain] Starting ProtocolHandler ["http-nio-8080"]
04-05-2022 19:25:39 INFO org.springframework.boot.web.embedded.tomcat.TomcatWebServer [restartedMain] Tomcat started on port(s): 8080 (http) with context path ''
04-05-2022 19:25:39 INFO org.springframework.boot.StartupInfoLogger [restartedMain] Started VeterinaryClinicApplication in 2.987 seconds (JVM running for 3.702)
04-05-2022 19:25:42 INFO org.apache.juli.logging.DirectJDKLog [http-nio-8080-exec-1] Initializing Spring DispatcherServlet 'dispatcherServlet'
04-05-2022 19:25:42 INFO org.springframework.web.servlet.FrameworkServlet [http-nio-8080-exec-1] Initializing Servlet 'dispatcherServlet'
04-05-2022 19:25:42 INFO org.springframework.web.servlet.FrameworkServlet [http-nio-8080-exec-1] Completed initialization in 1 ms
04-05-2022 19:45:04 INFO org.springframework.orm.jpa.AbstractEntityManagerFactoryBean [SpringApplicationShutdownHook] Closing JPA EntityManagerFactory for persistence unit 'default'
04-05-2022 19:45:04 INFO com.zaxxer.hikari.HikariDataSource [SpringApplicationShutdownHook] HikariPool-1 - Shutdown initiated...
04-05-2022 19:45:04 INFO com.zaxxer.hikari.HikariDataSource [SpringApplicationShutdownHook] HikariPool-1 - Shutdown completed.
